┌ Error: JULIA_CUDA_USE_BINARYBUILDER is deprecated. Call `CUDA.jl.set_runtime_version!` to use a local toolkit.
└ @ CUDA ~/.julia/packages/CUDA/Tl08O/src/initialization.jl:201
┌ Warning: CUDA runtime library `libcudart.so.12` was loaded from a system path, `/opt/nvidia/hpc_sdk/Linux_x86_64/23.9/cuda/12.2/lib64/libcudart.so.12`.
│ 
│ This may cause errors. Ensure that you have not set the LD_LIBRARY_PATH
│ environment variable, or that it does not contain paths to CUDA libraries.
│ 
│ In any other case, please file an issue.
└ @ CUDA ~/.julia/packages/CUDA/Tl08O/src/initialization.jl:219
┌ Warning: CUDA runtime library `libcublasLt.so.12` was loaded from a system path, `/opt/nvidia/hpc_sdk/Linux_x86_64/23.9/math_libs/12.2/lib64/libcublasLt.so.12`.
│ 
│ This may cause errors. Ensure that you have not set the LD_LIBRARY_PATH
│ environment variable, or that it does not contain paths to CUDA libraries.
│ 
│ In any other case, please file an issue.
└ @ CUDA ~/.julia/packages/CUDA/Tl08O/src/initialization.jl:219
┌ Warning: CUDA runtime library `libnvJitLink.so.12` was loaded from a system path, `/opt/nvidia/hpc_sdk/Linux_x86_64/23.9/cuda/12.2/lib64/libnvJitLink.so.12`.
│ 
│ This may cause errors. Ensure that you have not set the LD_LIBRARY_PATH
│ environment variable, or that it does not contain paths to CUDA libraries.
│ 
│ In any other case, please file an issue.
└ @ CUDA ~/.julia/packages/CUDA/Tl08O/src/initialization.jl:219
┌ Warning: CUDA runtime library `libcusparse.so.12` was loaded from a system path, `/opt/nvidia/hpc_sdk/Linux_x86_64/23.9/math_libs/12.2/lib64/libcusparse.so.12`.
│ 
│ This may cause errors. Ensure that you have not set the LD_LIBRARY_PATH
│ environment variable, or that it does not contain paths to CUDA libraries.
│ 
│ In any other case, please file an issue.
└ @ CUDA ~/.julia/packages/CUDA/Tl08O/src/initialization.jl:219
┌ Error: JULIA_CUDA_USE_BINARYBUILDER is deprecated. Call `CUDA.jl.set_runtime_version!` to use a local toolkit.
└ @ CUDA ~/.julia/packages/CUDA/Tl08O/src/initialization.jl:201
┌ Warning: CUDA runtime library `libcudart.so.12` was loaded from a system path, `/opt/nvidia/hpc_sdk/Linux_x86_64/23.9/cuda/12.2/lib64/libcudart.so.12`.
│ 
│ This may cause errors. Ensure that you have not set the LD_LIBRARY_PATH
│ environment variable, or that it does not contain paths to CUDA libraries.
│ 
│ In any other case, please file an issue.
└ @ CUDA ~/.julia/packages/CUDA/Tl08O/src/initialization.jl:219
┌ Warning: CUDA runtime library `libcublasLt.so.12` was loaded from a system path, `/opt/nvidia/hpc_sdk/Linux_x86_64/23.9/math_libs/12.2/lib64/libcublasLt.so.12`.
│ 
│ This may cause errors. Ensure that you have not set the LD_LIBRARY_PATH
│ environment variable, or that it does not contain paths to CUDA libraries.
│ 
│ In any other case, please file an issue.
└ @ CUDA ~/.julia/packages/CUDA/Tl08O/src/initialization.jl:219
┌ Warning: CUDA runtime library `libnvJitLink.so.12` was loaded from a system path, `/opt/nvidia/hpc_sdk/Linux_x86_64/23.9/cuda/12.2/lib64/libnvJitLink.so.12`.
│ 
│ This may cause errors. Ensure that you have not set the LD_LIBRARY_PATH
│ environment variable, or that it does not contain paths to CUDA libraries.
│ 
│ In any other case, please file an issue.
└ @ CUDA ~/.julia/packages/CUDA/Tl08O/src/initialization.jl:219
┌ Warning: CUDA runtime library `libcusparse.so.12` was loaded from a system path, `/opt/nvidia/hpc_sdk/Linux_x86_64/23.9/math_libs/12.2/lib64/libcusparse.so.12`.
│ 
│ This may cause errors. Ensure that you have not set the LD_LIBRARY_PATH
│ environment variable, or that it does not contain paths to CUDA libraries.
│ 
│ In any other case, please file an issue.
└ @ CUDA ~/.julia/packages/CUDA/Tl08O/src/initialization.jl:219
┌ Error: JULIA_CUDA_USE_BINARYBUILDER is deprecated. Call `CUDA.jl.set_runtime_version!` to use a local toolkit.
└ @ CUDA ~/.julia/packages/CUDA/Tl08O/src/initialization.jl:201
┌ Warning: CUDA runtime library `libcudart.so.12` was loaded from a system path, `/opt/nvidia/hpc_sdk/Linux_x86_64/23.9/cuda/12.2/lib64/libcudart.so.12`.
│ 
│ This may cause errors. Ensure that you have not set the LD_LIBRARY_PATH
│ environment variable, or that it does not contain paths to CUDA libraries.
│ 
│ In any other case, please file an issue.
└ @ CUDA ~/.julia/packages/CUDA/Tl08O/src/initialization.jl:219
┌ Warning: CUDA runtime library `libcublasLt.so.12` was loaded from a system path, `/opt/nvidia/hpc_sdk/Linux_x86_64/23.9/math_libs/12.2/lib64/libcublasLt.so.12`.
│ 
│ This may cause errors. Ensure that you have not set the LD_LIBRARY_PATH
│ environment variable, or that it does not contain paths to CUDA libraries.
│ 
│ In any other case, please file an issue.
└ @ CUDA ~/.julia/packages/CUDA/Tl08O/src/initialization.jl:219
┌ Warning: CUDA runtime library `libnvJitLink.so.12` was loaded from a system path, `/opt/nvidia/hpc_sdk/Linux_x86_64/23.9/cuda/12.2/lib64/libnvJitLink.so.12`.
│ 
│ This may cause errors. Ensure that you have not set the LD_LIBRARY_PATH
│ environment variable, or that it does not contain paths to CUDA libraries.
│ 
│ In any other case, please file an issue.
└ @ CUDA ~/.julia/packages/CUDA/Tl08O/src/initialization.jl:219
┌ Warning: CUDA runtime library `libcusparse.so.12` was loaded from a system path, `/opt/nvidia/hpc_sdk/Linux_x86_64/23.9/math_libs/12.2/lib64/libcusparse.so.12`.
│ 
│ This may cause errors. Ensure that you have not set the LD_LIBRARY_PATH
│ environment variable, or that it does not contain paths to CUDA libraries.
│ 
│ In any other case, please file an issue.
└ @ CUDA ~/.julia/packages/CUDA/Tl08O/src/initialization.jl:219
┌ Error: JULIA_CUDA_USE_BINARYBUILDER is deprecated. Call `CUDA.jl.set_runtime_version!` to use a local toolkit.
└ @ CUDA ~/.julia/packages/CUDA/Tl08O/src/initialization.jl:201
┌ Warning: CUDA runtime library `libcudart.so.12` was loaded from a system path, `/opt/nvidia/hpc_sdk/Linux_x86_64/23.9/cuda/12.2/lib64/libcudart.so.12`.
│ 
│ This may cause errors. Ensure that you have not set the LD_LIBRARY_PATH
│ environment variable, or that it does not contain paths to CUDA libraries.
│ 
│ In any other case, please file an issue.
└ @ CUDA ~/.julia/packages/CUDA/Tl08O/src/initialization.jl:219
┌ Warning: CUDA runtime library `libcublasLt.so.12` was loaded from a system path, `/opt/nvidia/hpc_sdk/Linux_x86_64/23.9/math_libs/12.2/lib64/libcublasLt.so.12`.
│ 
│ This may cause errors. Ensure that you have not set the LD_LIBRARY_PATH
│ environment variable, or that it does not contain paths to CUDA libraries.
│ 
│ In any other case, please file an issue.
└ @ CUDA ~/.julia/packages/CUDA/Tl08O/src/initialization.jl:219
┌ Warning: CUDA runtime library `libnvJitLink.so.12` was loaded from a system path, `/opt/nvidia/hpc_sdk/Linux_x86_64/23.9/cuda/12.2/lib64/libnvJitLink.so.12`.
│ 
│ This may cause errors. Ensure that you have not set the LD_LIBRARY_PATH
│ environment variable, or that it does not contain paths to CUDA libraries.
│ 
│ In any other case, please file an issue.
└ @ CUDA ~/.julia/packages/CUDA/Tl08O/src/initialization.jl:219
┌ Warning: CUDA runtime library `libcusparse.so.12` was loaded from a system path, `/opt/nvidia/hpc_sdk/Linux_x86_64/23.9/math_libs/12.2/lib64/libcusparse.so.12`.
│ 
│ This may cause errors. Ensure that you have not set the LD_LIBRARY_PATH
│ environment variable, or that it does not contain paths to CUDA libraries.
│ 
│ In any other case, please file an issue.
└ @ CUDA ~/.julia/packages/CUDA/Tl08O/src/initialization.jl:219
[ Info: Oceananigans will use 32 threads
[ Info: Oceananigans will use 32 threads
[ Info: Oceananigans will use 32 threads
[ Info: Oceananigans will use 32 threads
┌ Info: Simulation parameters: 
│   parameters =
│    ├── surface stratification:       N²s = 5.0e-7
│    ├── pycnocline stratification:    N²T = 0.0002
│    ├── frontal density gradient:     M²₀ = 5.0e-7
│    ├── eddy temperature difference:  ΔTᵉ = 0.1
│    ├── eddy temperature amplitude:     a = 1.0
│    ├── reference density:             ρ₀ = 1020.0
│    ├── surface temperature:           T₀ = 20.0
│    ├── heat capacity:                 cp = 3995.0
│    ├── initial mixed layer            m₀ = 60.0
│    ├── frontal mld difference        Δmᶠ = 10.0
│    ├── mld difference                 Δm = 30.0
│    ├── horizontal spacing:            Δh = 78.125
│    ├── vertical spacing:              Δz = 1.125
│    ├── x-domain size:                 Lx = 100000.0
│    ├── y-domain size:                 Ly = 100000.0
│    ├── z-domain size:                 Lz = 252.0
│    ├── Coriolis parameter:             f = 0.0001
│    ├── wind stress:                   τw = 0.1
│    ├── wind angle                      θ = 30.0
│    ├── heat flux:                      Q = 40.0
│    ├── thermal expansion:              α = 0.0002
│    ├── barotropic vortex:              Φ = 0.01
│    ├── gravity:                        g = 9.80665
│    ├── Initial vortex spread:         σ² = 1.0
│    ├── Eddy frontal width:            Le = 0.9
│    └── Frontal width:                 Lf = 0.9
└    
[ Info: Running on a grid with 1280, 1280, and 224 cells
[ Info: Running on a grid with 1280, 1280, and 224 cells
[ Info: Running on a grid with 1280, 1280, and 224 cells
[ Info: Running on a grid with 1280, 1280, and 224 cells
┌ Info: Simulation of NonhydrostaticModel{Distributed, RectilinearGrid}(time = 0 seconds, iteration = 0)
│ ├── Next time step: 10 seconds
│ ├── Elapsed wall time: 0 seconds
│ ├── Wall time per iteration: NaN days
│ ├── Stop time: 10 days
│ ├── Stop iteration : Inf
│ ├── Wall time limit: Inf
│ ├── Callbacks: OrderedDict with 6 entries:
│ │   ├── stop_time_exceeded => Callback of stop_time_exceeded on IterationInterval(1)
│ │   ├── stop_iteration_exceeded => Callback of stop_iteration_exceeded on IterationInterval(1)
│ │   ├── wall_time_limit_exceeded => Callback of wall_time_limit_exceeded on IterationInterval(1)
│ │   ├── nan_checker => Callback of NaNChecker for u on IterationInterval(100)
│ │   ├── progress => Callback of progress on IterationInterval(100)
│ │   └── wizard => Callback of TimeStepWizard(cfl=0.75, max_Δt=Inf, min_Δt=0.0) on IterationInterval(10)
│ ├── Output writers: OrderedDict with no entries
└ └── Diagnostics: OrderedDict with no entries
┌ Info: Simulation of NonhydrostaticModel{Distributed, RectilinearGrid}(time = 0 seconds, iteration = 0)
│ ├── Next time step: 10 seconds
│ ├── Elapsed wall time: 0 seconds
│ ├── Wall time per iteration: NaN days
│ ├── Stop time: 10 days
│ ├── Stop iteration : Inf
│ ├── Wall time limit: Inf
│ ├── Callbacks: OrderedDict with 6 entries:
│ │   ├── stop_time_exceeded => Callback of stop_time_exceeded on IterationInterval(1)
│ │   ├── stop_iteration_exceeded => Callback of stop_iteration_exceeded on IterationInterval(1)
│ │   ├── wall_time_limit_exceeded => Callback of wall_time_limit_exceeded on IterationInterval(1)
│ │   ├── nan_checker => Callback of NaNChecker for u on IterationInterval(100)
│ │   ├── progress => Callback of progress on IterationInterval(100)
│ │   └── wizard => Callback of TimeStepWizard(cfl=0.75, max_Δt=Inf, min_Δt=0.0) on IterationInterval(10)
│ ├── Output writers: OrderedDict with no entries
└ └── Diagnostics: OrderedDict with no entries
┌ Info: Simulation of NonhydrostaticModel{Distributed, RectilinearGrid}(time = 0 seconds, iteration = 0)
│ ├── Next time step: 10 seconds
│ ├── Elapsed wall time: 0 seconds
│ ├── Wall time per iteration: NaN days
│ ├── Stop time: 10 days
│ ├── Stop iteration : Inf
│ ├── Wall time limit: Inf
│ ├── Callbacks: OrderedDict with 6 entries:
│ │   ├── stop_time_exceeded => Callback of stop_time_exceeded on IterationInterval(1)
│ │   ├── stop_iteration_exceeded => Callback of stop_iteration_exceeded on IterationInterval(1)
│ │   ├── wall_time_limit_exceeded => Callback of wall_time_limit_exceeded on IterationInterval(1)
│ │   ├── nan_checker => Callback of NaNChecker for u on IterationInterval(100)
│ │   ├── progress => Callback of progress on IterationInterval(100)
│ │   └── wizard => Callback of TimeStepWizard(cfl=0.75, max_Δt=Inf, min_Δt=0.0) on IterationInterval(10)
│ ├── Output writers: OrderedDict with no entries
└ └── Diagnostics: OrderedDict with no entries
┌ Info: Simulation of NonhydrostaticModel{Distributed, RectilinearGrid}(time = 0 seconds, iteration = 0)
│ ├── Next time step: 10 seconds
│ ├── Elapsed wall time: 0 seconds
│ ├── Wall time per iteration: NaN days
│ ├── Stop time: 10 days
│ ├── Stop iteration : Inf
│ ├── Wall time limit: Inf
│ ├── Callbacks: OrderedDict with 6 entries:
│ │   ├── stop_time_exceeded => Callback of stop_time_exceeded on IterationInterval(1)
│ │   ├── stop_iteration_exceeded => Callback of stop_iteration_exceeded on IterationInterval(1)
│ │   ├── wall_time_limit_exceeded => Callback of wall_time_limit_exceeded on IterationInterval(1)
│ │   ├── nan_checker => Callback of NaNChecker for u on IterationInterval(100)
│ │   ├── progress => Callback of progress on IterationInterval(100)
│ │   └── wizard => Callback of TimeStepWizard(cfl=0.75, max_Δt=Inf, min_Δt=0.0) on IterationInterval(10)
│ ├── Output writers: OrderedDict with no entries
└ └── Diagnostics: OrderedDict with no entries
[ Info: Initializing simulation...
[ Info: Initializing simulation...
[ Info: Initializing simulation...
[ Info: Initializing simulation...
[ Info: Time: 0 seconds, iteration: 0, Δt: 10 seconds (u, v, w): 1.40e-18 2.79e-01 1.13e-18 T: 1.52e+01 2.00e+01 
[ Info: Time: 0 seconds, iteration: 0, Δt: 10 seconds (u, v, w): 0.00e+00 2.79e-01 1.13e-18 T: 1.52e+01 2.03e+01 
[ Info: Time: 0 seconds, iteration: 0, Δt: 10 seconds (u, v, w): 0.00e+00 2.79e-01 1.13e-18 T: 1.52e+01 2.03e+01 
[ Info: Time: 0 seconds, iteration: 0, Δt: 10 seconds (u, v, w): 1.40e-18 2.79e-01 1.13e-18 T: 1.52e+01 2.00e+01 
[ Info:     ... simulation initialization complete (30.888 seconds)
[ Info: Executing initial time step...
[ Info:     ... simulation initialization complete (30.998 seconds)
[ Info: Executing initial time step...
[ Info:     ... simulation initialization complete (31.001 seconds)
[ Info: Executing initial time step...
[ Info:     ... simulation initialization complete (31.033 seconds)
[ Info: Executing initial time step...
[ Info:     ... initial time step complete (13.355 seconds).
[ Info:     ... initial time step complete (13.441 seconds).
[ Info:     ... initial time step complete (13.426 seconds).
[ Info:     ... initial time step complete (13.568 seconds).
[ Info: Time: 28.967 minutes, iteration: 100, Δt: 25.937 seconds (u, v, w): 1.88e-03 2.74e-01 7.02e-05 T: 1.52e+01 2.03e+01 
[ Info: Time: 28.967 minutes, iteration: 100, Δt: 25.937 seconds (u, v, w): 1.89e-03 2.74e-01 1.24e-05 T: 1.52e+01 2.00e+01 
[ Info: Time: 28.967 minutes, iteration: 100, Δt: 25.937 seconds (u, v, w): 1.88e-03 2.74e-01 6.88e-05 T: 1.52e+01 2.03e+01 
[ Info: Time: 28.967 minutes, iteration: 100, Δt: 25.937 seconds (u, v, w): 1.89e-03 2.74e-01 8.80e-06 T: 1.52e+01 2.00e+01 
[ Info: Time: 1.685 hours, iteration: 200, Δt: 1.121 minutes (u, v, w): 3.47e-03 2.73e-01 1.65e-04 T: 1.52e+01 2.03e+01 
[ Info: Time: 1.685 hours, iteration: 200, Δt: 1.121 minutes (u, v, w): 3.50e-03 2.74e-01 1.40e-04 T: 1.52e+01 2.02e+01 
[ Info: Time: 1.685 hours, iteration: 200, Δt: 1.121 minutes (u, v, w): 3.41e-03 2.73e-01 1.59e-04 T: 1.52e+01 2.03e+01 
[ Info: Time: 1.685 hours, iteration: 200, Δt: 1.121 minutes (u, v, w): 3.49e-03 2.74e-01 1.44e-04 T: 1.52e+01 2.02e+01 
[ Info: Time: 3.270 hours, iteration: 300, Δt: 53.312 seconds (u, v, w): 7.45e-03 2.75e-01 1.91e-04 T: 1.52e+01 2.03e+01 
[ Info: Time: 3.270 hours, iteration: 300, Δt: 53.312 seconds (u, v, w): 7.02e-03 2.75e-01 2.02e-04 T: 1.52e+01 2.03e+01 
[ Info: Time: 3.270 hours, iteration: 300, Δt: 53.312 seconds (u, v, w): 6.69e-03 2.83e-01 9.92e-04 T: 1.52e+01 2.02e+01 
[ Info: Time: 3.270 hours, iteration: 300, Δt: 53.312 seconds (u, v, w): 7.08e-03 2.83e-01 1.00e-03 T: 1.52e+01 2.02e+01 
[ Info: Time: 4.427 hours, iteration: 400, Δt: 37.390 seconds (u, v, w): 8.16e-03 3.38e-01 5.00e-04 T: 1.52e+01 2.03e+01 
[ Info: Time: 4.427 hours, iteration: 400, Δt: 37.390 seconds (u, v, w): 1.03e-02 4.53e-01 9.88e-04 T: 1.52e+01 2.01e+01 
[ Info: Time: 4.427 hours, iteration: 400, Δt: 37.390 seconds (u, v, w): 7.94e-03 3.39e-01 5.11e-04 T: 1.52e+01 2.03e+01 
[ Info: Time: 4.427 hours, iteration: 400, Δt: 37.390 seconds (u, v, w): 9.71e-03 4.53e-01 9.92e-04 T: 1.52e+01 2.01e+01 
[ Info: Time: 5.330 hours, iteration: 500, Δt: 30.676 seconds (u, v, w): 2.77e-02 6.58e-01 9.71e-04 T: 1.52e+01 2.01e+01 
[ Info: Time: 5.330 hours, iteration: 500, Δt: 30.676 seconds (u, v, w): 8.43e-03 6.03e-01 9.08e-04 T: 1.52e+01 2.03e+01 
[ Info: Time: 5.330 hours, iteration: 500, Δt: 30.676 seconds (u, v, w): 8.09e-03 6.05e-01 9.46e-04 T: 1.52e+01 2.03e+01 
[ Info: Time: 5.330 hours, iteration: 500, Δt: 30.676 seconds (u, v, w): 2.61e-02 6.60e-01 9.49e-04 T: 1.52e+01 2.01e+01 
[ Info: Time: 6.098 hours, iteration: 600, Δt: 27.115 seconds (u, v, w): 1.09e-02 8.44e-01 1.30e-03 T: 1.52e+01 2.03e+01 
[ Info: Time: 6.098 hours, iteration: 600, Δt: 27.115 seconds (u, v, w): 3.88e-02 8.86e-01 9.31e-04 T: 1.52e+01 2.01e+01 
[ Info: Time: 6.098 hours, iteration: 600, Δt: 27.115 seconds (u, v, w): 1.00e-02 8.42e-01 1.34e-03 T: 1.52e+01 2.03e+01 
[ Info: Time: 6.098 hours, iteration: 600, Δt: 27.115 seconds (u, v, w): 3.70e-02 8.88e-01 9.45e-04 T: 1.52e+01 2.01e+01 
[ Info: Time: 6.800 hours, iteration: 700, Δt: 25.128 seconds (u, v, w): 1.39e-02 1.06e+00 1.77e-03 T: 1.52e+01 2.03e+01 
[ Info: Time: 6.800 hours, iteration: 700, Δt: 25.128 seconds (u, v, w): 4.69e-02 1.09e+00 9.01e-04 T: 1.52e+01 2.00e+01 
[ Info: Time: 6.800 hours, iteration: 700, Δt: 25.128 seconds (u, v, w): 4.53e-02 1.09e+00 9.49e-04 T: 1.52e+01 2.00e+01 
[ Info: Time: 6.800 hours, iteration: 700, Δt: 25.128 seconds (u, v, w): 1.28e-02 1.06e+00 1.69e-03 T: 1.52e+01 2.03e+01 
[ Info: Time: 7.467 hours, iteration: 800, Δt: 24.104 seconds (u, v, w): 1.69e-02 1.24e+00 1.58e-03 T: 1.52e+01 2.03e+01 
[ Info: Time: 7.467 hours, iteration: 800, Δt: 24.104 seconds (u, v, w): 1.61e-02 1.24e+00 1.61e-03 T: 1.52e+01 2.03e+01 
[ Info: Time: 7.467 hours, iteration: 800, Δt: 24.104 seconds (u, v, w): 5.33e-02 1.27e+00 9.24e-04 T: 1.52e+01 2.00e+01 
[ Info: Time: 7.467 hours, iteration: 800, Δt: 24.104 seconds (u, v, w): 5.47e-02 1.27e+00 8.76e-04 T: 1.52e+01 2.00e+01 
[ Info: Time: 8.112 hours, iteration: 900, Δt: 23.812 seconds (u, v, w): 4.67e-02 1.39e+00 1.71e-03 T: 1.52e+01 2.03e+01 
[ Info: Time: 8.112 hours, iteration: 900, Δt: 23.812 seconds (u, v, w): 4.36e-02 1.39e+00 1.82e-03 T: 1.52e+01 2.03e+01 
[ Info: Time: 8.112 hours, iteration: 900, Δt: 23.812 seconds (u, v, w): 6.91e-02 1.42e+00 9.99e-04 T: 1.52e+01 2.00e+01 
[ Info: Time: 8.112 hours, iteration: 900, Δt: 23.812 seconds (u, v, w): 6.88e-02 1.42e+00 9.79e-04 T: 1.52e+01 2.00e+01 
[ Info: Time: 8.754 hours, iteration: 1000, Δt: 24.058 seconds (u, v, w): 8.35e-02 1.50e+00 2.63e-03 T: 1.52e+01 2.03e+01 
[ Info: Time: 8.754 hours, iteration: 1000, Δt: 24.058 seconds (u, v, w): 7.79e-02 1.50e+00 3.08e-03 T: 1.52e+01 2.03e+01 
[ Info: Time: 8.754 hours, iteration: 1000, Δt: 24.058 seconds (u, v, w): 1.19e-01 1.54e+00 1.10e-03 T: 1.52e+01 2.01e+01 
[ Info: Time: 8.754 hours, iteration: 1000, Δt: 24.058 seconds (u, v, w): 1.17e-01 1.54e+00 1.00e-03 T: 1.52e+01 2.01e+01 
[ Info: Time: 9.423 hours, iteration: 1100, Δt: 24.763 seconds (u, v, w): 1.04e-01 1.59e+00 4.30e-03 T: 1.52e+01 2.03e+01 
[ Info: Time: 9.423 hours, iteration: 1100, Δt: 24.763 seconds (u, v, w): 1.02e-01 1.59e+00 4.81e-03 T: 1.52e+01 2.03e+01 
[ Info: Time: 9.423 hours, iteration: 1100, Δt: 24.763 seconds (u, v, w): 1.80e-01 1.61e+00 1.16e-03 T: 1.52e+01 2.01e+01 
[ Info: Time: 9.423 hours, iteration: 1100, Δt: 24.763 seconds (u, v, w): 1.82e-01 1.62e+00 1.05e-03 T: 1.52e+01 2.01e+01 
[ Info: Time: 10.109 hours, iteration: 1200, Δt: 26.309 seconds (u, v, w): 1.22e-01 1.63e+00 8.32e-03 T: 1.52e+01 2.03e+01 
[ Info: Time: 10.109 hours, iteration: 1200, Δt: 26.309 seconds (u, v, w): 1.18e-01 1.63e+00 9.58e-03 T: 1.52e+01 2.03e+01 
[ Info: Time: 10.109 hours, iteration: 1200, Δt: 26.309 seconds (u, v, w): 2.35e-01 1.64e+00 1.58e-03 T: 1.52e+01 2.01e+01 
[ Info: Time: 10.109 hours, iteration: 1200, Δt: 26.309 seconds (u, v, w): 2.35e-01 1.65e+00 1.63e-03 T: 1.52e+01 2.01e+01 
[ Info: Time: 10.849 hours, iteration: 1300, Δt: 28.289 seconds (u, v, w): 1.55e-01 1.62e+00 1.23e-02 T: 1.52e+01 2.03e+01 
[ Info: Time: 10.849 hours, iteration: 1300, Δt: 28.289 seconds (u, v, w): 1.50e-01 1.62e+00 1.16e-02 T: 1.52e+01 2.03e+01 
[ Info: Time: 10.849 hours, iteration: 1300, Δt: 28.289 seconds (u, v, w): 2.67e-01 1.63e+00 4.18e-03 T: 1.52e+01 2.01e+01 
[ Info: Time: 10.849 hours, iteration: 1300, Δt: 28.289 seconds (u, v, w): 2.63e-01 1.62e+00 5.45e-03 T: 1.52e+01 2.01e+01 
[ Info: Time: 11.305 hours, iteration: 1400, Δt: 9.369 seconds (u, v, w): 1.90e-01 1.59e+00 5.75e-02 T: 1.52e+01 2.04e+01 
[ Info: Time: 11.305 hours, iteration: 1400, Δt: 9.369 seconds (u, v, w): 1.73e-01 1.59e+00 5.02e-02 T: 1.52e+01 2.03e+01 
[ Info: Time: 11.305 hours, iteration: 1400, Δt: 9.369 seconds (u, v, w): 2.76e-01 1.58e+00 1.43e-02 T: 1.52e+01 2.01e+01 
[ Info: Time: 11.305 hours, iteration: 1400, Δt: 9.369 seconds (u, v, w): 2.86e-01 1.58e+00 1.28e-02 T: 1.52e+01 2.01e+01 
[ Info: Time: 11.590 hours, iteration: 1500, Δt: 10.469 seconds (u, v, w): 2.62e-01 1.58e+00 8.59e-02 T: 1.52e+01 2.05e+01 
[ Info: Time: 11.590 hours, iteration: 1500, Δt: 10.469 seconds (u, v, w): 2.54e-01 1.56e+00 6.16e-02 T: 1.52e+01 2.04e+01 
[ Info: Time: 11.590 hours, iteration: 1500, Δt: 10.469 seconds (u, v, w): 3.11e-01 1.55e+00 3.60e-02 T: 1.52e+01 2.01e+01 
[ Info: Time: 11.590 hours, iteration: 1500, Δt: 10.469 seconds (u, v, w): 3.20e-01 1.54e+00 3.89e-02 T: 1.52e+01 2.01e+01 
[ Info: Time: 11.825 hours, iteration: 1600, Δt: 6.752 seconds (u, v, w): 2.28e-01 1.55e+00 1.01e-01 T: 1.52e+01 2.04e+01 
[ Info: Time: 11.825 hours, iteration: 1600, Δt: 6.752 seconds (u, v, w): 3.05e-01 1.52e+00 8.21e-02 T: 1.52e+01 2.04e+01 
[ Info: Time: 11.825 hours, iteration: 1600, Δt: 6.752 seconds (u, v, w): 4.36e-01 1.51e+00 4.93e-02 T: 1.52e+01 2.01e+01 
[ Info: Time: 11.825 hours, iteration: 1600, Δt: 6.752 seconds (u, v, w): 4.71e-01 1.51e+00 5.45e-02 T: 1.52e+01 2.01e+01 
[ Info: Time: 12.038 hours, iteration: 1700, Δt: 8.730 seconds (u, v, w): 2.97e-01 1.48e+00 8.02e-02 T: 1.52e+01 2.05e+01 
[ Info: Time: 12.038 hours, iteration: 1700, Δt: 8.730 seconds (u, v, w): 2.82e-01 1.48e+00 8.47e-02 T: 1.52e+01 2.04e+01 
[ Info: Time: 12.038 hours, iteration: 1700, Δt: 8.730 seconds (u, v, w): 4.79e-01 1.47e+00 6.76e-02 T: 1.52e+01 2.01e+01 
[ Info: Time: 12.038 hours, iteration: 1700, Δt: 8.730 seconds (u, v, w): 5.00e-01 1.47e+00 5.95e-02 T: 1.52e+01 2.01e+01 
[ Info: Time: 12.239 hours, iteration: 1800, Δt: 6.196 seconds (u, v, w): 3.28e-01 1.46e+00 8.41e-02 T: 1.52e+01 2.05e+01 
[ Info: Time: 12.239 hours, iteration: 1800, Δt: 6.196 seconds (u, v, w): 2.88e-01 1.46e+00 9.75e-02 T: 1.52e+01 2.04e+01 
[ Info: Time: 12.239 hours, iteration: 1800, Δt: 6.196 seconds (u, v, w): 4.86e-01 1.43e+00 5.74e-02 T: 1.52e+01 2.01e+01 
[ Info: Time: 12.239 hours, iteration: 1800, Δt: 6.196 seconds (u, v, w): 4.88e-01 1.43e+00 7.50e-02 T: 1.52e+01 2.01e+01 
[ Info: Time: 12.446 hours, iteration: 1900, Δt: 7.894 seconds (u, v, w): 3.37e-01 1.38e+00 7.17e-02 T: 1.52e+01 2.05e+01 
[ Info: Time: 12.446 hours, iteration: 1900, Δt: 7.894 seconds (u, v, w): 5.16e-01 1.38e+00 6.05e-02 T: 1.52e+01 2.01e+01 
[ Info: Time: 12.446 hours, iteration: 1900, Δt: 7.894 seconds (u, v, w): 3.68e-01 1.38e+00 7.10e-02 T: 1.52e+01 2.05e+01 
[ Info: Time: 12.446 hours, iteration: 1900, Δt: 7.894 seconds (u, v, w): 5.40e-01 1.38e+00 5.90e-02 T: 1.52e+01 2.01e+01 
[ Info: Time: 12.667 hours, iteration: 2000, Δt: 8.297 seconds (u, v, w): 3.81e-01 1.33e+00 7.23e-02 T: 1.52e+01 2.05e+01 
[ Info: Time: 12.667 hours, iteration: 2000, Δt: 8.297 seconds (u, v, w): 5.60e-01 1.33e+00 6.94e-02 T: 1.52e+01 2.01e+01 
[ Info: Time: 12.667 hours, iteration: 2000, Δt: 8.297 seconds (u, v, w): 3.69e-01 1.34e+00 7.62e-02 T: 1.52e+01 2.06e+01 
[ Info: Time: 12.667 hours, iteration: 2000, Δt: 8.297 seconds (u, v, w): 5.36e-01 1.33e+00 6.54e-02 T: 1.52e+01 2.01e+01 
[ Info: Time: 12.879 hours, iteration: 2100, Δt: 7.310 seconds (u, v, w): 3.95e-01 1.30e+00 6.70e-02 T: 1.52e+01 2.06e+01 
[ Info: Time: 12.879 hours, iteration: 2100, Δt: 7.310 seconds (u, v, w): 5.95e-01 1.28e+00 7.19e-02 T: 1.52e+01 2.01e+01 
[ Info: Time: 12.879 hours, iteration: 2100, Δt: 7.310 seconds (u, v, w): 3.92e-01 1.28e+00 6.88e-02 T: 1.52e+01 2.05e+01 
[ Info: Time: 12.879 hours, iteration: 2100, Δt: 7.310 seconds (u, v, w): 5.42e-01 1.28e+00 6.21e-02 T: 1.52e+01 2.01e+01 
[ Info: Time: 13.085 hours, iteration: 2200, Δt: 7.571 seconds (u, v, w): 4.10e-01 1.21e+00 6.73e-02 T: 1.52e+01 2.05e+01 
[ Info: Time: 13.085 hours, iteration: 2200, Δt: 7.571 seconds (u, v, w): 5.89e-01 1.23e+00 5.73e-02 T: 1.52e+01 2.01e+01 
[ Info: Time: 13.085 hours, iteration: 2200, Δt: 7.571 seconds (u, v, w): 4.10e-01 1.21e+00 7.21e-02 T: 1.52e+01 2.05e+01 
[ Info: Time: 13.085 hours, iteration: 2200, Δt: 7.571 seconds (u, v, w): 5.73e-01 1.23e+00 6.35e-02 T: 1.52e+01 2.01e+01 
[ Info: Time: 13.292 hours, iteration: 2300, Δt: 6.928 seconds (u, v, w): 4.20e-01 1.15e+00 7.63e-02 T: 1.52e+01 2.05e+01 
[ Info: Time: 13.292 hours, iteration: 2300, Δt: 6.928 seconds (u, v, w): 5.53e-01 1.19e+00 6.95e-02 T: 1.52e+01 2.01e+01 
[ Info: Time: 13.292 hours, iteration: 2300, Δt: 6.928 seconds (u, v, w): 4.30e-01 1.16e+00 7.58e-02 T: 1.52e+01 2.06e+01 
[ Info: Time: 13.292 hours, iteration: 2300, Δt: 6.928 seconds (u, v, w): 6.01e-01 1.18e+00 6.98e-02 T: 1.52e+01 2.01e+01 
[ Info: Time: 13.518 hours, iteration: 2400, Δt: 8.000 seconds (u, v, w): 4.37e-01 1.10e+00 7.69e-02 T: 1.52e+01 2.05e+01 
[ Info: Time: 13.518 hours, iteration: 2400, Δt: 8.000 seconds (u, v, w): 4.55e-01 1.09e+00 7.75e-02 T: 1.52e+01 2.05e+01 
[ Info: Time: 13.518 hours, iteration: 2400, Δt: 8.000 seconds (u, v, w): 5.83e-01 1.15e+00 7.66e-02 T: 1.52e+01 2.01e+01 
[ Info: Time: 13.518 hours, iteration: 2400, Δt: 8.000 seconds (u, v, w): 5.65e-01 1.12e+00 7.23e-02 T: 1.52e+01 2.01e+01 
[ Info: Time: 13.754 hours, iteration: 2500, Δt: 9.726 seconds (u, v, w): 4.35e-01 1.03e+00 6.86e-02 T: 1.52e+01 2.05e+01 
[ Info: Time: 13.754 hours, iteration: 2500, Δt: 9.726 seconds (u, v, w): 4.91e-01 1.02e+00 9.26e-02 T: 1.52e+01 2.05e+01 
[ Info: Time: 13.754 hours, iteration: 2500, Δt: 9.726 seconds (u, v, w): 5.85e-01 1.10e+00 7.24e-02 T: 1.52e+01 2.01e+01 
[ Info: Time: 13.754 hours, iteration: 2500, Δt: 9.726 seconds (u, v, w): 5.43e-01 1.07e+00 6.38e-02 T: 1.52e+01 2.01e+01 
[ Info: Time: 13.992 hours, iteration: 2600, Δt: 8.404 seconds (u, v, w): 4.76e-01 9.62e-01 6.16e-02 T: 1.52e+01 2.05e+01 
[ Info: Time: 13.992 hours, iteration: 2600, Δt: 8.404 seconds (u, v, w): 5.02e-01 9.49e-01 7.64e-02 T: 1.52e+01 2.05e+01 
[ Info: Time: 13.992 hours, iteration: 2600, Δt: 8.404 seconds (u, v, w): 5.27e-01 1.06e+00 6.74e-02 T: 1.52e+01 2.01e+01 
[ Info: Time: 13.992 hours, iteration: 2600, Δt: 8.404 seconds (u, v, w): 5.61e-01 1.03e+00 7.56e-02 T: 1.52e+01 2.01e+01 
[ Info: Time: 14.238 hours, iteration: 2700, Δt: 8.665 seconds (u, v, w): 4.64e-01 8.87e-01 6.43e-02 T: 1.52e+01 2.05e+01 
[ Info: Time: 14.238 hours, iteration: 2700, Δt: 8.665 seconds (u, v, w): 4.97e-01 8.84e-01 7.73e-02 T: 1.52e+01 2.06e+01 
[ Info: Time: 14.238 hours, iteration: 2700, Δt: 8.665 seconds (u, v, w): 5.34e-01 9.80e-01 6.92e-02 T: 1.52e+01 2.01e+01 
[ Info: Time: 14.238 hours, iteration: 2700, Δt: 8.665 seconds (u, v, w): 5.22e-01 9.96e-01 6.21e-02 T: 1.52e+01 2.01e+01 
[ Info: Time: 14.476 hours, iteration: 2800, Δt: 9.122 seconds (u, v, w): 4.99e-01 8.15e-01 5.84e-02 T: 1.52e+01 2.05e+01 
[ Info: Time: 14.476 hours, iteration: 2800, Δt: 9.122 seconds (u, v, w): 5.08e-01 8.13e-01 8.15e-02 T: 1.52e+01 2.05e+01 
[ Info: Time: 14.476 hours, iteration: 2800, Δt: 9.122 seconds (u, v, w): 5.00e-01 9.16e-01 7.40e-02 T: 1.52e+01 2.02e+01 
[ Info: Time: 14.476 hours, iteration: 2800, Δt: 9.122 seconds (u, v, w): 5.53e-01 9.05e-01 6.63e-02 T: 1.52e+01 2.01e+01 
[ Info: Time: 14.699 hours, iteration: 2900, Δt: 9.069 seconds (u, v, w): 4.57e-01 7.41e-01 5.87e-02 T: 1.52e+01 2.06e+01 
[ Info: Time: 14.699 hours, iteration: 2900, Δt: 9.069 seconds (u, v, w): 4.99e-01 7.98e-01 8.15e-02 T: 1.52e+01 2.05e+01 
[ Info: Time: 14.699 hours, iteration: 2900, Δt: 9.069 seconds (u, v, w): 5.30e-01 8.56e-01 6.64e-02 T: 1.52e+01 2.02e+01 
[ Info: Time: 14.699 hours, iteration: 2900, Δt: 9.069 seconds (u, v, w): 5.46e-01 8.72e-01 7.08e-02 T: 1.52e+01 2.01e+01 
[ Info: Time: 14.942 hours, iteration: 3000, Δt: 9.338 seconds (u, v, w): 4.42e-01 6.93e-01 5.63e-02 T: 1.52e+01 2.06e+01 
[ Info: Time: 14.942 hours, iteration: 3000, Δt: 9.338 seconds (u, v, w): 4.97e-01 6.77e-01 7.18e-02 T: 1.52e+01 2.06e+01 
[ Info: Time: 14.942 hours, iteration: 3000, Δt: 9.338 seconds (u, v, w): 5.33e-01 7.78e-01 5.33e-02 T: 1.52e+01 2.02e+01 
[ Info: Time: 14.942 hours, iteration: 3000, Δt: 9.338 seconds (u, v, w): 5.37e-01 7.78e-01 6.40e-02 T: 1.52e+01 2.02e+01 
[ Info: Time: 15.201 hours, iteration: 3100, Δt: 9.546 seconds (u, v, w): 4.12e-01 6.02e-01 6.43e-02 T: 1.52e+01 2.06e+01 
[ Info: Time: 15.201 hours, iteration: 3100, Δt: 9.546 seconds (u, v, w): 5.36e-01 7.24e-01 6.71e-02 T: 1.52e+01 2.02e+01 
[ Info: Time: 15.201 hours, iteration: 3100, Δt: 9.546 seconds (u, v, w): 4.75e-01 6.21e-01 7.29e-02 T: 1.52e+01 2.06e+01 
[ Info: Time: 15.201 hours, iteration: 3100, Δt: 9.546 seconds (u, v, w): 5.39e-01 7.29e-01 6.15e-02 T: 1.52e+01 2.02e+01 
[ Info: Time: 15.423 hours, iteration: 3200, Δt: 7.731 seconds (u, v, w): 4.14e-01 5.53e-01 4.97e-02 T: 1.52e+01 2.06e+01 
[ Info: Time: 15.423 hours, iteration: 3200, Δt: 7.731 seconds (u, v, w): 5.13e-01 6.52e-01 6.57e-02 T: 1.52e+01 2.02e+01 
[ Info: Time: 15.423 hours, iteration: 3200, Δt: 7.731 seconds (u, v, w): 4.55e-01 5.55e-01 5.83e-02 T: 1.52e+01 2.06e+01 
[ Info: Time: 15.423 hours, iteration: 3200, Δt: 7.731 seconds (u, v, w): 5.25e-01 6.52e-01 6.26e-02 T: 1.52e+01 2.02e+01 
[ Info: Time: 15.674 hours, iteration: 3300, Δt: 8.691 seconds (u, v, w): 4.85e-01 5.87e-01 5.65e-02 T: 1.52e+01 2.02e+01 
[ Info: Time: 15.674 hours, iteration: 3300, Δt: 8.691 seconds (u, v, w): 3.81e-01 4.84e-01 5.00e-02 T: 1.52e+01 2.06e+01 
[ Info: Time: 15.674 hours, iteration: 3300, Δt: 8.691 seconds (u, v, w): 4.17e-01 4.70e-01 5.68e-02 T: 1.52e+01 2.06e+01 
[ Info: Time: 15.674 hours, iteration: 3300, Δt: 8.691 seconds (u, v, w): 5.05e-01 5.90e-01 6.35e-02 T: 1.52e+01 2.02e+01 
[ Info: Time: 15.905 hours, iteration: 3400, Δt: 7.798 seconds (u, v, w): 4.59e-01 5.26e-01 5.35e-02 T: 1.52e+01 2.02e+01 
[ Info: Time: 15.905 hours, iteration: 3400, Δt: 7.798 seconds (u, v, w): 3.54e-01 4.81e-01 4.68e-02 T: 1.52e+01 2.05e+01 
[ Info: Time: 15.905 hours, iteration: 3400, Δt: 7.798 seconds (u, v, w): 4.80e-01 5.22e-01 6.59e-02 T: 1.52e+01 2.02e+01 
[ Info: Time: 15.905 hours, iteration: 3400, Δt: 7.798 seconds (u, v, w): 3.61e-01 4.44e-01 5.06e-02 T: 1.52e+01 2.05e+01 
[ Info: Time: 16.143 hours, iteration: 3500, Δt: 8.934 seconds (u, v, w): 4.30e-01 5.71e-01 6.20e-02 T: 1.52e+01 2.02e+01 
[ Info: Time: 16.143 hours, iteration: 3500, Δt: 8.934 seconds (u, v, w): 4.71e-01 4.88e-01 6.48e-02 T: 1.52e+01 2.02e+01 
[ Info: Time: 16.143 hours, iteration: 3500, Δt: 8.934 seconds (u, v, w): 3.55e-01 3.81e-01 4.99e-02 T: 1.52e+01 2.06e+01 
[ Info: Time: 16.143 hours, iteration: 3500, Δt: 8.934 seconds (u, v, w): 3.47e-01 4.34e-01 4.04e-02 T: 1.52e+01 2.05e+01 
[ Info: Time: 16.414 hours, iteration: 3600, Δt: 9.970 seconds (u, v, w): 4.10e-01 5.02e-01 4.83e-02 T: 1.52e+01 2.02e+01 
[ Info: Time: 16.414 hours, iteration: 3600, Δt: 9.970 seconds (u, v, w): 4.56e-01 4.68e-01 4.43e-02 T: 1.52e+01 2.02e+01 
[ Info: Time: 16.414 hours, iteration: 3600, Δt: 9.970 seconds (u, v, w): 3.19e-01 4.25e-01 3.95e-02 T: 1.52e+01 2.05e+01 
[ Info: Time: 16.414 hours, iteration: 3600, Δt: 9.970 seconds (u, v, w): 3.19e-01 3.30e-01 3.94e-02 T: 1.52e+01 2.06e+01 
[ Info: Time: 16.688 hours, iteration: 3700, Δt: 11.060 seconds (u, v, w): 3.74e-01 4.95e-01 5.55e-02 T: 1.52e+01 2.02e+01 
[ Info: Time: 16.688 hours, iteration: 3700, Δt: 11.060 seconds (u, v, w): 4.17e-01 4.98e-01 6.08e-02 T: 1.52e+01 2.02e+01 
[ Info: Time: 16.688 hours, iteration: 3700, Δt: 11.060 seconds (u, v, w): 2.78e-01 3.74e-01 3.60e-02 T: 1.52e+01 2.04e+01 
[ Info: Time: 16.688 hours, iteration: 3700, Δt: 11.060 seconds (u, v, w): 3.07e-01 3.18e-01 3.81e-02 T: 1.52e+01 2.04e+01 
[ Info: Time: 16.991 hours, iteration: 3800, Δt: 10.851 seconds (u, v, w): 3.79e-01 4.88e-01 5.87e-02 T: 1.52e+01 2.02e+01 
[ Info: Time: 16.991 hours, iteration: 3800, Δt: 10.851 seconds (u, v, w): 3.67e-01 4.62e-01 5.52e-02 T: 1.52e+01 2.02e+01 
[ Info: Time: 16.991 hours, iteration: 3800, Δt: 10.851 seconds (u, v, w): 2.62e-01 3.44e-01 3.23e-02 T: 1.52e+01 2.05e+01 
[ Info: Time: 16.991 hours, iteration: 3800, Δt: 10.851 seconds (u, v, w): 3.15e-01 3.07e-01 3.06e-02 T: 1.52e+01 2.05e+01 
[ Info: Time: 17.271 hours, iteration: 3900, Δt: 10.945 seconds (u, v, w): 3.58e-01 4.95e-01 5.17e-02 T: 1.52e+01 2.02e+01 
[ Info: Time: 17.271 hours, iteration: 3900, Δt: 10.945 seconds (u, v, w): 3.25e-01 4.69e-01 5.33e-02 T: 1.52e+01 2.02e+01 
[ Info: Time: 17.271 hours, iteration: 3900, Δt: 10.945 seconds (u, v, w): 2.19e-01 3.14e-01 2.60e-02 T: 1.52e+01 2.05e+01 
[ Info: Time: 17.271 hours, iteration: 3900, Δt: 10.945 seconds (u, v, w): 3.10e-01 2.98e-01 2.88e-02 T: 1.52e+01 2.05e+01 
[ Info: Time: 17.572 hours, iteration: 4000, Δt: 10.407 seconds (u, v, w): 3.36e-01 4.80e-01 5.36e-02 T: 1.52e+01 2.02e+01 
[ Info: Time: 17.572 hours, iteration: 4000, Δt: 10.407 seconds (u, v, w): 3.13e-01 4.77e-01 4.99e-02 T: 1.52e+01 2.02e+01 
[ Info: Time: 17.572 hours, iteration: 4000, Δt: 10.407 seconds (u, v, w): 2.22e-01 3.07e-01 2.91e-02 T: 1.52e+01 2.04e+01 
[ Info: Time: 17.572 hours, iteration: 4000, Δt: 10.407 seconds (u, v, w): 2.91e-01 2.85e-01 2.63e-02 T: 1.52e+01 2.04e+01 
[ Info: Time: 17.875 hours, iteration: 4100, Δt: 11.324 seconds (u, v, w): 3.09e-01 4.88e-01 6.05e-02 T: 1.52e+01 2.02e+01 
[ Info: Time: 17.875 hours, iteration: 4100, Δt: 11.324 seconds (u, v, w): 3.02e-01 4.73e-01 5.05e-02 T: 1.52e+01 2.02e+01 
[ Info: Time: 17.875 hours, iteration: 4100, Δt: 11.324 seconds (u, v, w): 2.35e-01 2.88e-01 3.04e-02 T: 1.52e+01 2.04e+01 
[ Info: Time: 17.875 hours, iteration: 4100, Δt: 11.324 seconds (u, v, w): 2.52e-01 2.81e-01 3.01e-02 T: 1.52e+01 2.04e+01 
[ Info: Time: 18.202 hours, iteration: 4200, Δt: 11.351 seconds (u, v, w): 3.03e-01 5.01e-01 6.60e-02 T: 1.52e+01 2.02e+01 
[ Info: Time: 18.202 hours, iteration: 4200, Δt: 11.351 seconds (u, v, w): 2.64e-01 5.08e-01 5.71e-02 T: 1.52e+01 2.02e+01 
[ Info: Time: 18.202 hours, iteration: 4200, Δt: 11.351 seconds (u, v, w): 2.57e-01 2.95e-01 3.11e-02 T: 1.52e+01 2.05e+01 
[ Info: Time: 18.202 hours, iteration: 4200, Δt: 11.351 seconds (u, v, w): 2.29e-01 2.72e-01 3.02e-02 T: 1.52e+01 2.04e+01 
[ Info: Time: 18.506 hours, iteration: 4300, Δt: 10.912 seconds (u, v, w): 2.83e-01 5.13e-01 6.26e-02 T: 1.52e+01 2.02e+01 
[ Info: Time: 18.506 hours, iteration: 4300, Δt: 10.912 seconds (u, v, w): 2.43e-01 5.22e-01 5.43e-02 T: 1.52e+01 2.02e+01 
[ Info: Time: 18.506 hours, iteration: 4300, Δt: 10.912 seconds (u, v, w): 2.96e-01 2.67e-01 3.25e-02 T: 1.52e+01 2.04e+01 
[ Info: Time: 18.506 hours, iteration: 4300, Δt: 10.912 seconds (u, v, w): 2.34e-01 2.87e-01 3.20e-02 T: 1.52e+01 2.04e+01 
[ Info: Time: 18.833 hours, iteration: 4400, Δt: 11.120 seconds (u, v, w): 2.52e-01 5.16e-01 5.46e-02 T: 1.52e+01 2.02e+01 
[ Info: Time: 18.833 hours, iteration: 4400, Δt: 11.120 seconds (u, v, w): 2.30e-01 5.51e-01 5.39e-02 T: 1.52e+01 2.02e+01 
[ Info: Time: 18.833 hours, iteration: 4400, Δt: 11.120 seconds (u, v, w): 3.07e-01 2.72e-01 3.57e-02 T: 1.52e+01 2.04e+01 
[ Info: Time: 18.833 hours, iteration: 4400, Δt: 11.120 seconds (u, v, w): 2.35e-01 3.03e-01 3.74e-02 T: 1.52e+01 2.04e+01 
[ Info: Time: 19.120 hours, iteration: 4500, Δt: 9.203 seconds (u, v, w): 2.78e-01 5.26e-01 5.81e-02 T: 1.52e+01 2.02e+01 
[ Info: Time: 19.120 hours, iteration: 4500, Δt: 9.203 seconds (u, v, w): 2.36e-01 5.45e-01 5.78e-02 T: 1.52e+01 2.02e+01 
[ Info: Time: 19.120 hours, iteration: 4500, Δt: 9.203 seconds (u, v, w): 2.95e-01 2.77e-01 3.36e-02 T: 1.52e+01 2.04e+01 
[ Info: Time: 19.120 hours, iteration: 4500, Δt: 9.203 seconds (u, v, w): 2.49e-01 3.38e-01 3.67e-02 T: 1.52e+01 2.04e+01 
[ Info: Time: 19.394 hours, iteration: 4600, Δt: 10.889 seconds (u, v, w): 2.06e-01 5.58e-01 6.35e-02 T: 1.52e+01 2.02e+01 
[ Info: Time: 19.394 hours, iteration: 4600, Δt: 10.889 seconds (u, v, w): 1.98e-01 5.65e-01 5.85e-02 T: 1.52e+01 2.02e+01 
[ Info: Time: 19.394 hours, iteration: 4600, Δt: 10.889 seconds (u, v, w): 3.02e-01 3.05e-01 4.21e-02 T: 1.52e+01 2.04e+01 
[ Info: Time: 19.394 hours, iteration: 4600, Δt: 10.889 seconds (u, v, w): 2.61e-01 3.51e-01 3.68e-02 T: 1.52e+01 2.04e+01 
[ Info: Time: 19.695 hours, iteration: 4700, Δt: 11.207 seconds (u, v, w): 2.27e-01 6.01e-01 7.92e-02 T: 1.52e+01 2.03e+01 
[ Info: Time: 19.695 hours, iteration: 4700, Δt: 11.207 seconds (u, v, w): 1.91e-01 6.10e-01 6.26e-02 T: 1.52e+01 2.02e+01 
[ Info: Time: 19.695 hours, iteration: 4700, Δt: 11.207 seconds (u, v, w): 3.60e-01 3.28e-01 4.58e-02 T: 1.52e+01 2.04e+01 
[ Info: Time: 19.695 hours, iteration: 4700, Δt: 11.207 seconds (u, v, w): 2.53e-01 3.36e-01 4.65e-02 T: 1.52e+01 2.05e+01 
[ Info: Time: 19.950 hours, iteration: 4800, Δt: 8.568 seconds (u, v, w): 2.04e-01 6.03e-01 8.20e-02 T: 1.52e+01 2.03e+01 
[ Info: Time: 19.950 hours, iteration: 4800, Δt: 8.568 seconds (u, v, w): 2.56e-01 5.78e-01 6.62e-02 T: 1.52e+01 2.02e+01 
[ Info: Time: 19.950 hours, iteration: 4800, Δt: 8.568 seconds (u, v, w): 2.93e-01 3.62e-01 3.94e-02 T: 1.52e+01 2.04e+01 
[ Info: Time: 19.950 hours, iteration: 4800, Δt: 8.568 seconds (u, v, w): 2.49e-01 3.98e-01 3.70e-02 T: 1.52e+01 2.04e+01 
[ Info: Time: 20.224 hours, iteration: 4900, Δt: 10.038 seconds (u, v, w): 1.82e-01 6.14e-01 6.36e-02 T: 1.52e+01 2.02e+01 
[ Info: Time: 20.224 hours, iteration: 4900, Δt: 10.038 seconds (u, v, w): 1.73e-01 6.07e-01 7.20e-02 T: 1.52e+01 2.02e+01 
[ Info: Time: 20.224 hours, iteration: 4900, Δt: 10.038 seconds (u, v, w): 2.79e-01 3.86e-01 5.86e-02 T: 1.52e+01 2.04e+01 
[ Info: Time: 20.224 hours, iteration: 4900, Δt: 10.038 seconds (u, v, w): 3.14e-01 4.21e-01 3.99e-02 T: 1.52e+01 2.05e+01 
[ Info: Time: 20.497 hours, iteration: 5000, Δt: 9.616 seconds (u, v, w): 2.90e-01 6.46e-01 9.14e-02 T: 1.52e+01 2.03e+01 
[ Info: Time: 20.497 hours, iteration: 5000, Δt: 9.616 seconds (u, v, w): 2.35e-01 6.48e-01 6.93e-02 T: 1.52e+01 2.02e+01 
[ Info: Time: 20.497 hours, iteration: 5000, Δt: 9.616 seconds (u, v, w): 2.97e-01 4.14e-01 6.70e-02 T: 1.52e+01 2.04e+01 
[ Info: Time: 20.497 hours, iteration: 5000, Δt: 9.616 seconds (u, v, w): 3.55e-01 4.13e-01 4.72e-02 T: 1.52e+01 2.04e+01 
[ Info: Time: 20.747 hours, iteration: 5100, Δt: 8.883 seconds (u, v, w): 2.00e-01 6.46e-01 6.67e-02 T: 1.52e+01 2.03e+01 
[ Info: Time: 20.747 hours, iteration: 5100, Δt: 8.883 seconds (u, v, w): 2.11e-01 6.34e-01 8.04e-02 T: 1.52e+01 2.02e+01 
[ Info: Time: 20.747 hours, iteration: 5100, Δt: 8.883 seconds (u, v, w): 3.97e-01 4.48e-01 5.06e-02 T: 1.52e+01 2.05e+01 
[ Info: Time: 20.747 hours, iteration: 5100, Δt: 8.883 seconds (u, v, w): 2.76e-01 4.64e-01 4.74e-02 T: 1.52e+01 2.04e+01 
[ Info: Time: 21.002 hours, iteration: 5200, Δt: 7.742 seconds (u, v, w): 2.45e-01 6.41e-01 8.46e-02 T: 1.52e+01 2.03e+01 
[ Info: Time: 21.002 hours, iteration: 5200, Δt: 7.742 seconds (u, v, w): 1.83e-01 6.73e-01 6.88e-02 T: 1.52e+01 2.02e+01 
[ Info: Time: 21.002 hours, iteration: 5200, Δt: 7.742 seconds (u, v, w): 2.66e-01 4.63e-01 4.91e-02 T: 1.52e+01 2.04e+01 
[ Info: Time: 21.002 hours, iteration: 5200, Δt: 7.742 seconds (u, v, w): 4.53e-01 4.87e-01 4.59e-02 T: 1.52e+01 2.04e+01 
[ Info: Time: 21.226 hours, iteration: 5300, Δt: 8.419 seconds (u, v, w): 2.26e-01 6.33e-01 9.00e-02 T: 1.52e+01 2.03e+01 
[ Info: Time: 21.226 hours, iteration: 5300, Δt: 8.419 seconds (u, v, w): 1.64e-01 6.79e-01 8.56e-02 T: 1.52e+01 2.02e+01 
[ Info: Time: 21.226 hours, iteration: 5300, Δt: 8.419 seconds (u, v, w): 3.18e-01 4.28e-01 6.44e-02 T: 1.52e+01 2.05e+01 
[ Info: Time: 21.226 hours, iteration: 5300, Δt: 8.419 seconds (u, v, w): 3.27e-01 5.02e-01 5.83e-02 T: 1.52e+01 2.04e+01 
[ Info: Time: 21.452 hours, iteration: 5400, Δt: 7.712 seconds (u, v, w): 2.21e-01 6.50e-01 8.97e-02 T: 1.52e+01 2.02e+01 
[ Info: Time: 21.452 hours, iteration: 5400, Δt: 7.712 seconds (u, v, w): 1.70e-01 7.06e-01 8.02e-02 T: 1.52e+01 2.02e+01 
[ Info: Time: 21.452 hours, iteration: 5400, Δt: 7.712 seconds (u, v, w): 2.92e-01 4.48e-01 4.71e-02 T: 1.52e+01 2.04e+01 
[ Info: Time: 21.452 hours, iteration: 5400, Δt: 7.712 seconds (u, v, w): 2.38e-01 4.94e-01 4.88e-02 T: 1.52e+01 2.04e+01 
[ Info: Time: 21.697 hours, iteration: 5500, Δt: 7.234 seconds (u, v, w): 2.24e-01 6.84e-01 7.88e-02 T: 1.52e+01 2.03e+01 
[ Info: Time: 21.697 hours, iteration: 5500, Δt: 7.234 seconds (u, v, w): 1.60e-01 7.18e-01 6.75e-02 T: 1.52e+01 2.02e+01 
[ Info: Time: 21.697 hours, iteration: 5500, Δt: 7.234 seconds (u, v, w): 3.22e-01 4.77e-01 4.87e-02 T: 1.52e+01 2.06e+01 
[ Info: Time: 21.697 hours, iteration: 5500, Δt: 7.234 seconds (u, v, w): 2.51e-01 5.06e-01 5.48e-02 T: 1.52e+01 2.04e+01 
[ Info: Time: 21.893 hours, iteration: 5600, Δt: 7.532 seconds (u, v, w): 2.54e-01 7.33e-01 1.18e-01 T: 1.52e+01 2.02e+01 
[ Info: Time: 21.893 hours, iteration: 5600, Δt: 7.532 seconds (u, v, w): 1.61e-01 7.37e-01 7.17e-02 T: 1.52e+01 2.02e+01 
[ Info: Time: 21.893 hours, iteration: 5600, Δt: 7.532 seconds (u, v, w): 3.37e-01 5.06e-01 5.08e-02 T: 1.52e+01 2.05e+01 
[ Info: Time: 21.893 hours, iteration: 5600, Δt: 7.532 seconds (u, v, w): 1.77e-01 5.45e-01 5.42e-02 T: 1.52e+01 2.04e+01 
[ Info: Time: 22.111 hours, iteration: 5700, Δt: 7.994 seconds (u, v, w): 2.66e-01 8.04e-01 9.08e-02 T: 1.52e+01 2.03e+01 
[ Info: Time: 22.111 hours, iteration: 5700, Δt: 7.994 seconds (u, v, w): 2.91e-01 7.65e-01 9.13e-02 T: 1.52e+01 2.02e+01 
[ Info: Time: 22.111 hours, iteration: 5700, Δt: 7.994 seconds (u, v, w): 3.63e-01 4.89e-01 5.00e-02 T: 1.52e+01 2.04e+01 
[ Info: Time: 22.111 hours, iteration: 5700, Δt: 7.994 seconds (u, v, w): 2.67e-01 4.92e-01 6.60e-02 T: 1.52e+01 2.04e+01 
[ Info: Time: 22.336 hours, iteration: 5800, Δt: 8.601 seconds (u, v, w): 2.60e-01 7.57e-01 7.10e-02 T: 1.52e+01 2.03e+01 
[ Info: Time: 22.336 hours, iteration: 5800, Δt: 8.601 seconds (u, v, w): 1.60e-01 7.60e-01 8.69e-02 T: 1.52e+01 2.02e+01 
[ Info: Time: 22.336 hours, iteration: 5800, Δt: 8.601 seconds (u, v, w): 3.07e-01 5.14e-01 4.89e-02 T: 1.52e+01 2.04e+01 
[ Info: Time: 22.336 hours, iteration: 5800, Δt: 8.601 seconds (u, v, w): 2.36e-01 5.43e-01 5.08e-02 T: 1.52e+01 2.04e+01 
[ Info: Time: 22.556 hours, iteration: 5900, Δt: 8.386 seconds (u, v, w): 2.10e-01 8.09e-01 8.73e-02 T: 1.52e+01 2.02e+01 
[ Info: Time: 22.556 hours, iteration: 5900, Δt: 8.386 seconds (u, v, w): 2.21e-01 7.90e-01 8.02e-02 T: 1.52e+01 2.03e+01 
[ Info: Time: 22.556 hours, iteration: 5900, Δt: 8.386 seconds (u, v, w): 2.37e-01 4.96e-01 4.98e-02 T: 1.52e+01 2.05e+01 
[ Info: Time: 22.556 hours, iteration: 5900, Δt: 8.386 seconds (u, v, w): 2.43e-01 5.05e-01 6.36e-02 T: 1.52e+01 2.04e+01 
[ Info: Time: 22.769 hours, iteration: 6000, Δt: 6.909 seconds (u, v, w): 2.39e-01 8.67e-01 8.14e-02 T: 1.52e+01 2.02e+01 
[ Info: Time: 22.769 hours, iteration: 6000, Δt: 6.909 seconds (u, v, w): 2.71e-01 8.42e-01 9.36e-02 T: 1.52e+01 2.02e+01 
[ Info: Time: 22.769 hours, iteration: 6000, Δt: 6.909 seconds (u, v, w): 2.44e-01 5.41e-01 5.93e-02 T: 1.52e+01 2.04e+01 
[ Info: Time: 22.769 hours, iteration: 6000, Δt: 6.909 seconds (u, v, w): 2.47e-01 5.16e-01 4.71e-02 T: 1.52e+01 2.04e+01 
[ Info: Time: 22.958 hours, iteration: 6100, Δt: 6.511 seconds (u, v, w): 2.16e-01 8.56e-01 8.86e-02 T: 1.52e+01 2.02e+01 
[ Info: Time: 22.958 hours, iteration: 6100, Δt: 6.511 seconds (u, v, w): 2.15e-01 5.01e-01 5.79e-02 T: 1.52e+01 2.04e+01 
[ Info: Time: 22.958 hours, iteration: 6100, Δt: 6.511 seconds (u, v, w): 2.86e-01 8.22e-01 9.04e-02 T: 1.52e+01 2.02e+01 
[ Info: Time: 22.958 hours, iteration: 6100, Δt: 6.511 seconds (u, v, w): 2.02e-01 5.08e-01 5.73e-02 T: 1.52e+01 2.04e+01 
[ Info: Time: 23.151 hours, iteration: 6200, Δt: 6.203 seconds (u, v, w): 2.56e-01 8.73e-01 8.35e-02 T: 1.52e+01 2.02e+01 
[ Info: Time: 23.151 hours, iteration: 6200, Δt: 6.203 seconds (u, v, w): 2.01e-01 5.22e-01 5.23e-02 T: 1.52e+01 2.04e+01 
[ Info: Time: 23.151 hours, iteration: 6200, Δt: 6.203 seconds (u, v, w): 2.17e-01 5.06e-01 5.24e-02 T: 1.52e+01 2.04e+01 
[ Info: Time: 23.151 hours, iteration: 6200, Δt: 6.203 seconds (u, v, w): 2.14e-01 8.22e-01 9.03e-02 T: 1.52e+01 2.03e+01 
[ Info: Time: 23.341 hours, iteration: 6300, Δt: 7.193 seconds (u, v, w): 2.21e-01 8.60e-01 1.04e-01 T: 1.52e+01 2.02e+01 
[ Info: Time: 23.341 hours, iteration: 6300, Δt: 7.193 seconds (u, v, w): 1.84e-01 5.11e-01 4.58e-02 T: 1.52e+01 2.04e+01 
[ Info: Time: 23.341 hours, iteration: 6300, Δt: 7.193 seconds (u, v, w): 2.20e-01 5.12e-01 5.16e-02 T: 1.52e+01 2.04e+01 
[ Info: Time: 23.341 hours, iteration: 6300, Δt: 7.193 seconds (u, v, w): 2.27e-01 8.56e-01 9.90e-02 T: 1.52e+01 2.02e+01 
[ Info: Time: 23.530 hours, iteration: 6400, Δt: 6.542 seconds (u, v, w): 2.00e-01 8.80e-01 1.09e-01 T: 1.52e+01 2.03e+01 
[ Info: Time: 23.530 hours, iteration: 6400, Δt: 6.542 seconds (u, v, w): 2.46e-01 4.81e-01 5.64e-02 T: 1.52e+01 2.04e+01 
[ Info: Time: 23.530 hours, iteration: 6400, Δt: 6.542 seconds (u, v, w): 1.61e-01 5.18e-01 4.73e-02 T: 1.52e+01 2.04e+01 
[ Info: Time: 23.530 hours, iteration: 6400, Δt: 6.542 seconds (u, v, w): 2.44e-01 8.45e-01 9.81e-02 T: 1.52e+01 2.02e+01 
[ Info: Time: 23.708 hours, iteration: 6500, Δt: 6.940 seconds (u, v, w): 3.23e-01 9.05e-01 1.06e-01 T: 1.52e+01 2.03e+01 
[ Info: Time: 23.708 hours, iteration: 6500, Δt: 6.940 seconds (u, v, w): 2.05e-01 4.70e-01 5.61e-02 T: 1.52e+01 2.04e+01 
[ Info: Time: 23.708 hours, iteration: 6500, Δt: 6.940 seconds (u, v, w): 1.62e-01 4.97e-01 5.60e-02 T: 1.52e+01 2.04e+01 
[ Info: Time: 23.708 hours, iteration: 6500, Δt: 6.940 seconds (u, v, w): 2.61e-01 9.03e-01 8.83e-02 T: 1.52e+01 2.02e+01 
[ Info: Time: 23.898 hours, iteration: 6600, Δt: 6.945 seconds (u, v, w): 3.00e-01 8.77e-01 9.91e-02 T: 1.52e+01 2.02e+01 
[ Info: Time: 23.898 hours, iteration: 6600, Δt: 6.945 seconds (u, v, w): 2.29e-01 4.76e-01 4.66e-02 T: 1.52e+01 2.04e+01 
[ Info: Time: 23.898 hours, iteration: 6600, Δt: 6.945 seconds (u, v, w): 1.68e-01 4.87e-01 5.19e-02 T: 1.52e+01 2.03e+01 
[ Info: Time: 23.898 hours, iteration: 6600, Δt: 6.945 seconds (u, v, w): 3.29e-01 8.44e-01 9.13e-02 T: 1.52e+01 2.02e+01 
[ Info: Time: 1.004 days, iteration: 6700, Δt: 7.845 seconds (u, v, w): 2.58e-01 8.68e-01 1.00e-01 T: 1.52e+01 2.03e+01 
[ Info: Time: 1.004 days, iteration: 6700, Δt: 7.845 seconds (u, v, w): 1.85e-01 4.56e-01 4.56e-02 T: 1.52e+01 2.04e+01 
[ Info: Time: 1.004 days, iteration: 6700, Δt: 7.845 seconds (u, v, w): 1.93e-01 4.82e-01 5.14e-02 T: 1.52e+01 2.03e+01 
[ Info: Time: 1.004 days, iteration: 6700, Δt: 7.845 seconds (u, v, w): 2.84e-01 8.16e-01 9.34e-02 T: 1.52e+01 2.02e+01 
[ Info: Time: 1.013 days, iteration: 6800, Δt: 7.759 seconds (u, v, w): 1.96e-01 4.73e-01 4.73e-02 T: 1.52e+01 2.03e+01 
[ Info: Time: 1.013 days, iteration: 6800, Δt: 7.759 seconds (u, v, w): 2.73e-01 8.38e-01 9.75e-02 T: 1.52e+01 2.02e+01 
[ Info: Time: 1.013 days, iteration: 6800, Δt: 7.759 seconds (u, v, w): 1.69e-01 5.30e-01 4.93e-02 T: 1.52e+01 2.03e+01 
[ Info: Time: 1.013 days, iteration: 6800, Δt: 7.759 seconds (u, v, w): 2.25e-01 8.13e-01 8.85e-02 T: 1.52e+01 2.02e+01 
[ Info: Time: 1.022 days, iteration: 6900, Δt: 7.377 seconds (u, v, w): 1.76e-01 4.72e-01 5.18e-02 T: 1.52e+01 2.03e+01 
[ Info: Time: 1.022 days, iteration: 6900, Δt: 7.377 seconds (u, v, w): 2.32e-01 8.48e-01 1.14e-01 T: 1.52e+01 2.02e+01 
[ Info: Time: 1.022 days, iteration: 6900, Δt: 7.377 seconds (u, v, w): 1.49e-01 4.94e-01 5.47e-02 T: 1.52e+01 2.03e+01 
[ Info: Time: 1.022 days, iteration: 6900, Δt: 7.377 seconds (u, v, w): 2.21e-01 7.97e-01 8.87e-02 T: 1.52e+01 2.02e+01 
[ Info: Time: 1.031 days, iteration: 7000, Δt: 7.695 seconds (u, v, w): 1.92e-01 4.79e-01 4.28e-02 T: 1.52e+01 2.03e+01 
[ Info: Time: 1.031 days, iteration: 7000, Δt: 7.695 seconds (u, v, w): 2.65e-01 8.31e-01 8.40e-02 T: 1.52e+01 2.03e+01 
[ Info: Time: 1.031 days, iteration: 7000, Δt: 7.695 seconds (u, v, w): 1.84e-01 4.75e-01 4.96e-02 T: 1.52e+01 2.03e+01 
[ Info: Time: 1.031 days, iteration: 7000, Δt: 7.695 seconds (u, v, w): 2.77e-01 7.52e-01 9.00e-02 T: 1.52e+01 2.02e+01 
[ Info: Time: 1.040 days, iteration: 7100, Δt: 8.020 seconds (u, v, w): 1.62e-01 4.53e-01 5.82e-02 T: 1.52e+01 2.03e+01 
[ Info: Time: 1.040 days, iteration: 7100, Δt: 8.020 seconds (u, v, w): 1.64e-01 4.70e-01 4.95e-02 T: 1.52e+01 2.03e+01 
[ Info: Time: 1.040 days, iteration: 7100, Δt: 8.020 seconds (u, v, w): 2.90e-01 8.15e-01 8.85e-02 T: 1.52e+01 2.03e+01 
[ Info: Time: 1.040 days, iteration: 7100, Δt: 8.020 seconds (u, v, w): 2.32e-01 7.94e-01 8.94e-02 T: 1.52e+01 2.02e+01 
[ Info: Time: 1.049 days, iteration: 7200, Δt: 8.455 seconds (u, v, w): 1.94e-01 4.91e-01 5.34e-02 T: 1.52e+01 2.04e+01 
[ Info: Time: 1.049 days, iteration: 7200, Δt: 8.455 seconds (u, v, w): 1.82e-01 4.68e-01 4.73e-02 T: 1.52e+01 2.03e+01 
[ Info: Time: 1.049 days, iteration: 7200, Δt: 8.455 seconds (u, v, w): 2.48e-01 7.61e-01 1.04e-01 T: 1.52e+01 2.02e+01 
[ Info: Time: 1.049 days, iteration: 7200, Δt: 8.455 seconds (u, v, w): 2.11e-01 7.35e-01 1.02e-01 T: 1.52e+01 2.02e+01 
[ Info: Time: 1.059 days, iteration: 7300, Δt: 8.614 seconds (u, v, w): 1.76e-01 4.83e-01 4.45e-02 T: 1.52e+01 2.03e+01 
[ Info: Time: 1.059 days, iteration: 7300, Δt: 8.614 seconds (u, v, w): 1.60e-01 4.69e-01 4.52e-02 T: 1.52e+01 2.03e+01 
[ Info: Time: 1.059 days, iteration: 7300, Δt: 8.614 seconds (u, v, w): 2.40e-01 7.38e-01 8.83e-02 T: 1.52e+01 2.02e+01 
[ Info: Time: 1.059 days, iteration: 7300, Δt: 8.614 seconds (u, v, w): 2.68e-01 6.83e-01 8.79e-02 T: 1.52e+01 2.02e+01 
[ Info: Time: 1.069 days, iteration: 7400, Δt: 7.716 seconds (u, v, w): 1.66e-01 4.68e-01 5.04e-02 T: 1.52e+01 2.03e+01 
[ Info: Time: 1.069 days, iteration: 7400, Δt: 7.716 seconds (u, v, w): 1.67e-01 4.90e-01 4.52e-02 T: 1.52e+01 2.03e+01 
[ Info: Time: 1.069 days, iteration: 7400, Δt: 7.716 seconds (u, v, w): 2.67e-01 7.17e-01 8.38e-02 T: 1.52e+01 2.02e+01 
[ Info: Time: 1.069 days, iteration: 7400, Δt: 7.716 seconds (u, v, w): 2.45e-01 7.29e-01 6.76e-02 T: 1.52e+01 2.02e+01 
[ Info: Time: 1.079 days, iteration: 7500, Δt: 8.683 seconds (u, v, w): 1.71e-01 5.03e-01 5.22e-02 T: 1.52e+01 2.03e+01 
[ Info: Time: 1.079 days, iteration: 7500, Δt: 8.683 seconds (u, v, w): 1.44e-01 4.58e-01 4.40e-02 T: 1.52e+01 2.03e+01 
[ Info: Time: 1.079 days, iteration: 7500, Δt: 8.683 seconds (u, v, w): 2.51e-01 6.74e-01 8.03e-02 T: 1.52e+01 2.02e+01 
[ Info: Time: 1.079 days, iteration: 7500, Δt: 8.683 seconds (u, v, w): 1.95e-01 7.11e-01 7.49e-02 T: 1.52e+01 2.02e+01 
[ Info: Time: 1.089 days, iteration: 7600, Δt: 10.665 seconds (u, v, w): 1.95e-01 4.84e-01 5.07e-02 T: 1.52e+01 2.03e+01 
[ Info: Time: 1.089 days, iteration: 7600, Δt: 10.665 seconds (u, v, w): 1.60e-01 4.58e-01 4.43e-02 T: 1.52e+01 2.03e+01 
[ Info: Time: 1.089 days, iteration: 7600, Δt: 10.665 seconds (u, v, w): 2.32e-01 6.64e-01 7.96e-02 T: 1.52e+01 2.02e+01 
[ Info: Time: 1.089 days, iteration: 7600, Δt: 10.665 seconds (u, v, w): 2.39e-01 6.88e-01 7.79e-02 T: 1.52e+01 2.02e+01 
[ Info: Time: 1.101 days, iteration: 7700, Δt: 10.101 seconds (u, v, w): 1.83e-01 4.86e-01 4.68e-02 T: 1.52e+01 2.03e+01 
[ Info: Time: 1.101 days, iteration: 7700, Δt: 10.101 seconds (u, v, w): 1.88e-01 4.79e-01 4.64e-02 T: 1.52e+01 2.03e+01 
[ Info: Time: 1.101 days, iteration: 7700, Δt: 10.101 seconds (u, v, w): 2.16e-01 6.47e-01 8.09e-02 T: 1.52e+01 2.02e+01 
[ Info: Time: 1.101 days, iteration: 7700, Δt: 10.101 seconds (u, v, w): 2.19e-01 6.42e-01 6.85e-02 T: 1.52e+01 2.02e+01 
[ Info: Time: 1.113 days, iteration: 7800, Δt: 11.878 seconds (u, v, w): 1.97e-01 5.03e-01 5.05e-02 T: 1.52e+01 2.03e+01 
[ Info: Time: 1.113 days, iteration: 7800, Δt: 11.878 seconds (u, v, w): 2.24e-01 5.15e-01 5.37e-02 T: 1.52e+01 2.03e+01 
[ Info: Time: 1.113 days, iteration: 7800, Δt: 11.878 seconds (u, v, w): 1.90e-01 6.02e-01 6.42e-02 T: 1.52e+01 2.03e+01 
[ Info: Time: 1.113 days, iteration: 7800, Δt: 11.878 seconds (u, v, w): 2.53e-01 6.28e-01 6.23e-02 T: 1.52e+01 2.02e+01 
[ Info: Time: 1.126 days, iteration: 7900, Δt: 11.409 seconds (u, v, w): 2.93e-01 5.15e-01 5.32e-02 T: 1.52e+01 2.03e+01 
[ Info: Time: 1.126 days, iteration: 7900, Δt: 11.409 seconds (u, v, w): 1.76e-01 4.76e-01 4.40e-02 T: 1.52e+01 2.03e+01 
[ Info: Time: 1.126 days, iteration: 7900, Δt: 11.409 seconds (u, v, w): 2.04e-01 5.87e-01 6.19e-02 T: 1.52e+01 2.02e+01 
[ Info: Time: 1.126 days, iteration: 7900, Δt: 11.409 seconds (u, v, w): 2.17e-01 5.95e-01 6.57e-02 T: 1.52e+01 2.02e+01 
[ Info: Time: 1.139 days, iteration: 8000, Δt: 10.970 seconds (u, v, w): 2.25e-01 4.91e-01 5.40e-02 T: 1.52e+01 2.04e+01 
[ Info: Time: 1.139 days, iteration: 8000, Δt: 10.970 seconds (u, v, w): 1.90e-01 5.18e-01 4.29e-02 T: 1.52e+01 2.03e+01 
[ Info: Time: 1.139 days, iteration: 8000, Δt: 10.970 seconds (u, v, w): 1.81e-01 6.19e-01 5.55e-02 T: 1.52e+01 2.02e+01 
[ Info: Time: 1.139 days, iteration: 8000, Δt: 10.970 seconds (u, v, w): 1.92e-01 5.96e-01 5.75e-02 T: 1.52e+01 2.02e+01 
[ Info: Time: 1.152 days, iteration: 8100, Δt: 12.518 seconds (u, v, w): 1.69e-01 4.75e-01 4.46e-02 T: 1.52e+01 2.03e+01 
[ Info: Time: 1.152 days, iteration: 8100, Δt: 12.518 seconds (u, v, w): 1.74e-01 5.29e-01 4.21e-02 T: 1.52e+01 2.03e+01 
[ Info: Time: 1.152 days, iteration: 8100, Δt: 12.518 seconds (u, v, w): 1.87e-01 6.06e-01 5.52e-02 T: 1.52e+01 2.02e+01 
[ Info: Time: 1.152 days, iteration: 8100, Δt: 12.518 seconds (u, v, w): 1.93e-01 6.36e-01 6.16e-02 T: 1.52e+01 2.02e+01 
[ Info: Time: 1.165 days, iteration: 8200, Δt: 11.030 seconds (u, v, w): 1.88e-01 4.89e-01 4.79e-02 T: 1.52e+01 2.03e+01 
[ Info: Time: 1.165 days, iteration: 8200, Δt: 11.030 seconds (u, v, w): 1.74e-01 4.69e-01 5.74e-02 T: 1.52e+01 2.03e+01 
[ Info: Time: 1.165 days, iteration: 8200, Δt: 11.030 seconds (u, v, w): 1.99e-01 5.91e-01 5.90e-02 T: 1.52e+01 2.02e+01 
[ Info: Time: 1.165 days, iteration: 8200, Δt: 11.030 seconds (u, v, w): 2.06e-01 6.05e-01 6.15e-02 T: 1.52e+01 2.02e+01 
[ Info: Time: 1.178 days, iteration: 8300, Δt: 11.266 seconds (u, v, w): 1.68e-01 5.01e-01 4.99e-02 T: 1.52e+01 2.04e+01 
[ Info: Time: 1.178 days, iteration: 8300, Δt: 11.266 seconds (u, v, w): 1.74e-01 4.87e-01 4.22e-02 T: 1.52e+01 2.03e+01 
[ Info: Time: 1.178 days, iteration: 8300, Δt: 11.266 seconds (u, v, w): 1.97e-01 5.66e-01 5.93e-02 T: 1.52e+01 2.02e+01 
[ Info: Time: 1.178 days, iteration: 8300, Δt: 11.266 seconds (u, v, w): 1.92e-01 5.95e-01 5.56e-02 T: 1.52e+01 2.02e+01 
[ Info: Time: 1.191 days, iteration: 8400, Δt: 12.455 seconds (u, v, w): 1.68e-01 5.09e-01 4.89e-02 T: 1.52e+01 2.03e+01 
[ Info: Time: 1.191 days, iteration: 8400, Δt: 12.455 seconds (u, v, w): 1.93e-01 4.75e-01 5.03e-02 T: 1.52e+01 2.03e+01 
[ Info: Time: 1.191 days, iteration: 8400, Δt: 12.455 seconds (u, v, w): 1.83e-01 5.92e-01 6.86e-02 T: 1.52e+01 2.02e+01 
[ Info: Time: 1.191 days, iteration: 8400, Δt: 12.455 seconds (u, v, w): 1.91e-01 5.87e-01 6.68e-02 T: 1.52e+01 2.02e+01 
[ Info: Time: 1.203 days, iteration: 8500, Δt: 11.389 seconds (u, v, w): 1.83e-01 5.00e-01 4.78e-02 T: 1.52e+01 2.03e+01 
[ Info: Time: 1.203 days, iteration: 8500, Δt: 11.389 seconds (u, v, w): 1.75e-01 5.10e-01 5.33e-02 T: 1.52e+01 2.03e+01 
[ Info: Time: 1.203 days, iteration: 8500, Δt: 11.389 seconds (u, v, w): 2.28e-01 5.84e-01 5.74e-02 T: 1.52e+01 2.02e+01 
[ Info: Time: 1.203 days, iteration: 8500, Δt: 11.389 seconds (u, v, w): 2.04e-01 5.63e-01 5.97e-02 T: 1.52e+01 2.02e+01 
[ Info: Time: 1.217 days, iteration: 8600, Δt: 12.172 seconds (u, v, w): 1.61e-01 5.06e-01 5.10e-02 T: 1.52e+01 2.03e+01 
[ Info: Time: 1.217 days, iteration: 8600, Δt: 12.172 seconds (u, v, w): 1.78e-01 4.92e-01 5.43e-02 T: 1.52e+01 2.03e+01 
[ Info: Time: 1.217 days, iteration: 8600, Δt: 12.172 seconds (u, v, w): 1.76e-01 5.51e-01 6.22e-02 T: 1.52e+01 2.02e+01 
[ Info: Time: 1.217 days, iteration: 8600, Δt: 12.172 seconds (u, v, w): 1.89e-01 5.72e-01 5.87e-02 T: 1.52e+01 2.03e+01 
[ Info: Time: 1.232 days, iteration: 8700, Δt: 13.295 seconds (u, v, w): 2.04e-01 4.87e-01 4.51e-02 T: 1.52e+01 2.04e+01 
[ Info: Time: 1.232 days, iteration: 8700, Δt: 13.295 seconds (u, v, w): 2.03e-01 4.92e-01 4.93e-02 T: 1.52e+01 2.03e+01 
[ Info: Time: 1.232 days, iteration: 8700, Δt: 13.295 seconds (u, v, w): 1.86e-01 5.35e-01 5.35e-02 T: 1.52e+01 2.02e+01 
[ Info: Time: 1.232 days, iteration: 8700, Δt: 13.295 seconds (u, v, w): 1.86e-01 5.53e-01 5.58e-02 T: 1.52e+01 2.02e+01 
[ Info: Time: 1.246 days, iteration: 8800, Δt: 13.333 seconds (u, v, w): 1.57e-01 4.96e-01 4.59e-02 T: 1.52e+01 2.03e+01 
[ Info: Time: 1.246 days, iteration: 8800, Δt: 13.333 seconds (u, v, w): 1.91e-01 4.84e-01 5.84e-02 T: 1.52e+01 2.04e+01 
[ Info: Time: 1.246 days, iteration: 8800, Δt: 13.333 seconds (u, v, w): 2.43e-01 5.57e-01 6.12e-02 T: 1.52e+01 2.02e+01 
[ Info: Time: 1.246 days, iteration: 8800, Δt: 13.333 seconds (u, v, w): 1.85e-01 5.71e-01 5.43e-02 T: 1.52e+01 2.02e+01 
[ Info: Time: 1.262 days, iteration: 8900, Δt: 12.260 seconds (u, v, w): 1.68e-01 4.68e-01 4.78e-02 T: 1.52e+01 2.04e+01 
[ Info: Time: 1.262 days, iteration: 8900, Δt: 12.260 seconds (u, v, w): 2.07e-01 5.29e-01 4.83e-02 T: 1.52e+01 2.03e+01 
[ Info: Time: 1.262 days, iteration: 8900, Δt: 12.260 seconds (u, v, w): 2.10e-01 4.84e-01 4.17e-02 T: 1.52e+01 2.04e+01 
[ Info: Time: 1.262 days, iteration: 8900, Δt: 12.260 seconds (u, v, w): 1.91e-01 5.40e-01 5.33e-02 T: 1.52e+01 2.02e+01 
[ Info: Time: 1.277 days, iteration: 9000, Δt: 13.847 seconds (u, v, w): 1.82e-01 5.23e-01 4.56e-02 T: 1.52e+01 2.02e+01 
[ Info: Time: 1.277 days, iteration: 9000, Δt: 13.847 seconds (u, v, w): 1.87e-01 4.72e-01 4.42e-02 T: 1.52e+01 2.04e+01 
[ Info: Time: 1.277 days, iteration: 9000, Δt: 13.847 seconds (u, v, w): 2.15e-01 4.63e-01 4.64e-02 T: 1.52e+01 2.03e+01 
[ Info: Time: 1.277 days, iteration: 9000, Δt: 13.847 seconds (u, v, w): 1.99e-01 5.62e-01 5.06e-02 T: 1.52e+01 2.02e+01 
[ Info: Time: 1.290 days, iteration: 9100, Δt: 12.550 seconds (u, v, w): 1.75e-01 5.23e-01 4.54e-02 T: 1.52e+01 2.02e+01 
[ Info: Time: 1.290 days, iteration: 9100, Δt: 12.550 seconds (u, v, w): 2.11e-01 4.57e-01 4.76e-02 T: 1.52e+01 2.03e+01 
[ Info: Time: 1.290 days, iteration: 9100, Δt: 12.550 seconds (u, v, w): 2.08e-01 4.54e-01 4.50e-02 T: 1.52e+01 2.03e+01 
[ Info: Time: 1.290 days, iteration: 9100, Δt: 12.550 seconds (u, v, w): 2.12e-01 5.73e-01 5.10e-02 T: 1.52e+01 2.02e+01 
[ Info: Time: 1.304 days, iteration: 9200, Δt: 11.827 seconds (u, v, w): 2.10e-01 5.12e-01 5.45e-02 T: 1.52e+01 2.02e+01 
[ Info: Time: 1.304 days, iteration: 9200, Δt: 11.827 seconds (u, v, w): 1.84e-01 4.50e-01 4.93e-02 T: 1.52e+01 2.04e+01 
[ Info: Time: 1.304 days, iteration: 9200, Δt: 11.827 seconds (u, v, w): 1.91e-01 4.45e-01 4.27e-02 T: 1.52e+01 2.03e+01 
[ Info: Time: 1.304 days, iteration: 9200, Δt: 11.827 seconds (u, v, w): 1.95e-01 5.25e-01 4.88e-02 T: 1.52e+01 2.03e+01 
[ Info: Time: 1.318 days, iteration: 9300, Δt: 12.231 seconds (u, v, w): 1.91e-01 5.34e-01 4.83e-02 T: 1.52e+01 2.02e+01 
[ Info: Time: 1.318 days, iteration: 9300, Δt: 12.231 seconds (u, v, w): 1.75e-01 4.77e-01 4.40e-02 T: 1.52e+01 2.03e+01 
[ Info: Time: 1.318 days, iteration: 9300, Δt: 12.231 seconds (u, v, w): 1.90e-01 4.40e-01 4.82e-02 T: 1.52e+01 2.03e+01 
[ Info: Time: 1.318 days, iteration: 9300, Δt: 12.231 seconds (u, v, w): 1.97e-01 5.14e-01 4.50e-02 T: 1.52e+01 2.03e+01 
[ Info: Time: 1.333 days, iteration: 9400, Δt: 14.479 seconds (u, v, w): 2.00e-01 5.02e-01 4.68e-02 T: 1.52e+01 2.02e+01 
[ Info: Time: 1.333 days, iteration: 9400, Δt: 14.479 seconds (u, v, w): 1.91e-01 4.66e-01 4.50e-02 T: 1.52e+01 2.03e+01 
[ Info: Time: 1.333 days, iteration: 9400, Δt: 14.479 seconds (u, v, w): 1.77e-01 4.41e-01 4.24e-02 T: 1.52e+01 2.03e+01 
[ Info: Time: 1.333 days, iteration: 9400, Δt: 14.479 seconds (u, v, w): 2.08e-01 5.09e-01 4.53e-02 T: 1.52e+01 2.02e+01 
[ Info: Time: 1.348 days, iteration: 9500, Δt: 13.493 seconds (u, v, w): 1.84e-01 5.27e-01 4.92e-02 T: 1.52e+01 2.02e+01 
[ Info: Time: 1.348 days, iteration: 9500, Δt: 13.493 seconds (u, v, w): 1.76e-01 4.62e-01 4.80e-02 T: 1.52e+01 2.03e+01 
[ Info: Time: 1.348 days, iteration: 9500, Δt: 13.493 seconds (u, v, w): 1.97e-01 4.47e-01 4.43e-02 T: 1.52e+01 2.05e+01 
[ Info: Time: 1.348 days, iteration: 9500, Δt: 13.493 seconds (u, v, w): 1.99e-01 5.41e-01 5.11e-02 T: 1.52e+01 2.02e+01 
[ Info: Time: 1.364 days, iteration: 9600, Δt: 13.727 seconds (u, v, w): 1.78e-01 4.73e-01 4.53e-02 T: 1.52e+01 2.03e+01 
[ Info: Time: 1.364 days, iteration: 9600, Δt: 13.727 seconds (u, v, w): 1.95e-01 5.23e-01 4.58e-02 T: 1.52e+01 2.02e+01 
[ Info: Time: 1.364 days, iteration: 9600, Δt: 13.727 seconds (u, v, w): 2.04e-01 4.38e-01 5.45e-02 T: 1.52e+01 2.03e+01 
[ Info: Time: 1.364 days, iteration: 9600, Δt: 13.727 seconds (u, v, w): 2.41e-01 5.62e-01 4.54e-02 T: 1.52e+01 2.02e+01 
[ Info: Time: 1.378 days, iteration: 9700, Δt: 13.342 seconds (u, v, w): 2.25e-01 4.50e-01 5.50e-02 T: 1.52e+01 2.03e+01 
[ Info: Time: 1.378 days, iteration: 9700, Δt: 13.342 seconds (u, v, w): 1.99e-01 5.24e-01 4.85e-02 T: 1.52e+01 2.02e+01 
[ Info: Time: 1.378 days, iteration: 9700, Δt: 13.342 seconds (u, v, w): 1.79e-01 4.44e-01 4.23e-02 T: 1.52e+01 2.03e+01 
[ Info: Time: 1.378 days, iteration: 9700, Δt: 13.342 seconds (u, v, w): 2.03e-01 5.20e-01 4.59e-02 T: 1.52e+01 2.02e+01 
[ Info: Time: 1.393 days, iteration: 9800, Δt: 13.971 seconds (u, v, w): 1.71e-01 4.50e-01 4.43e-02 T: 1.52e+01 2.03e+01 
[ Info: Time: 1.393 days, iteration: 9800, Δt: 13.971 seconds (u, v, w): 2.10e-01 4.94e-01 4.82e-02 T: 1.52e+01 2.02e+01 
[ Info: Time: 1.393 days, iteration: 9800, Δt: 13.971 seconds (u, v, w): 2.07e-01 4.57e-01 4.66e-02 T: 1.52e+01 2.03e+01 
[ Info: Time: 1.393 days, iteration: 9800, Δt: 13.971 seconds (u, v, w): 2.28e-01 5.08e-01 4.94e-02 T: 1.52e+01 2.02e+01 
[ Info: Time: 1.408 days, iteration: 9900, Δt: 13.116 seconds (u, v, w): 2.38e-01 4.16e-01 4.40e-02 T: 1.52e+01 2.03e+01 
[ Info: Time: 1.408 days, iteration: 9900, Δt: 13.116 seconds (u, v, w): 1.98e-01 5.10e-01 4.85e-02 T: 1.52e+01 2.02e+01 
[ Info: Time: 1.408 days, iteration: 9900, Δt: 13.116 seconds (u, v, w): 1.82e-01 4.52e-01 5.60e-02 T: 1.52e+01 2.03e+01 
[ Info: Time: 1.408 days, iteration: 9900, Δt: 13.116 seconds (u, v, w): 2.18e-01 5.11e-01 4.94e-02 T: 1.52e+01 2.02e+01 
[ Info: Time: 1.423 days, iteration: 10000, Δt: 12.285 seconds (u, v, w): 1.99e-01 4.37e-01 3.97e-02 T: 1.52e+01 2.05e+01 
[ Info: Time: 1.423 days, iteration: 10000, Δt: 12.285 seconds (u, v, w): 2.03e-01 4.96e-01 5.43e-02 T: 1.52e+01 2.02e+01 
[ Info: Time: 1.423 days, iteration: 10000, Δt: 12.285 seconds (u, v, w): 1.96e-01 4.86e-01 4.38e-02 T: 1.52e+01 2.03e+01 
[ Info: Time: 1.423 days, iteration: 10000, Δt: 12.285 seconds (u, v, w): 2.17e-01 4.98e-01 4.36e-02 T: 1.52e+01 2.02e+01 
[ Info: Time: 1.438 days, iteration: 10100, Δt: 12.412 seconds (u, v, w): 1.85e-01 4.38e-01 4.47e-02 T: 1.52e+01 2.03e+01 
[ Info: Time: 1.438 days, iteration: 10100, Δt: 12.412 seconds (u, v, w): 2.06e-01 4.02e-01 4.45e-02 T: 1.52e+01 2.03e+01 
[ Info: Time: 1.438 days, iteration: 10100, Δt: 12.412 seconds (u, v, w): 2.04e-01 5.07e-01 4.74e-02 T: 1.52e+01 2.02e+01 
[ Info: Time: 1.438 days, iteration: 10100, Δt: 12.412 seconds (u, v, w): 2.23e-01 4.83e-01 5.12e-02 T: 1.52e+01 2.02e+01 
[ Info: Time: 1.453 days, iteration: 10200, Δt: 14.633 seconds (u, v, w): 1.79e-01 4.13e-01 5.42e-02 T: 1.52e+01 2.04e+01 
[ Info: Time: 1.453 days, iteration: 10200, Δt: 14.633 seconds (u, v, w): 2.09e-01 5.11e-01 4.57e-02 T: 1.52e+01 2.02e+01 
[ Info: Time: 1.453 days, iteration: 10200, Δt: 14.633 seconds (u, v, w): 2.21e-01 5.19e-01 5.52e-02 T: 1.52e+01 2.02e+01 
[ Info: Time: 1.453 days, iteration: 10200, Δt: 14.633 seconds (u, v, w): 1.59e-01 4.08e-01 4.70e-02 T: 1.52e+01 2.03e+01 
[ Info: Time: 1.468 days, iteration: 10300, Δt: 14.470 seconds (u, v, w): 1.81e-01 4.75e-01 5.79e-02 T: 1.52e+01 2.04e+01 
[ Info: Time: 1.468 days, iteration: 10300, Δt: 14.470 seconds (u, v, w): 2.05e-01 4.94e-01 4.47e-02 T: 1.52e+01 2.02e+01 
[ Info: Time: 1.468 days, iteration: 10300, Δt: 14.470 seconds (u, v, w): 1.74e-01 4.42e-01 5.08e-02 T: 1.52e+01 2.03e+01 
[ Info: Time: 1.468 days, iteration: 10300, Δt: 14.470 seconds (u, v, w): 2.34e-01 5.18e-01 4.80e-02 T: 1.52e+01 2.02e+01 
[ Info: Time: 1.484 days, iteration: 10400, Δt: 13.516 seconds (u, v, w): 1.72e-01 4.39e-01 4.49e-02 T: 1.52e+01 2.03e+01 
[ Info: Time: 1.484 days, iteration: 10400, Δt: 13.516 seconds (u, v, w): 2.04e-01 5.00e-01 4.50e-02 T: 1.52e+01 2.02e+01 
[ Info: Time: 1.484 days, iteration: 10400, Δt: 13.516 seconds (u, v, w): 1.93e-01 4.26e-01 5.20e-02 T: 1.52e+01 2.03e+01 
[ Info: Time: 1.484 days, iteration: 10400, Δt: 13.516 seconds (u, v, w): 2.32e-01 4.82e-01 5.06e-02 T: 1.52e+01 2.02e+01 
[ Info: Time: 1.499 days, iteration: 10500, Δt: 13.955 seconds (u, v, w): 1.48e-01 4.16e-01 4.34e-02 T: 1.52e+01 2.03e+01 
[ Info: Time: 1.499 days, iteration: 10500, Δt: 13.955 seconds (u, v, w): 2.10e-01 5.18e-01 4.61e-02 T: 1.52e+01 2.02e+01 
[ Info: Time: 1.499 days, iteration: 10500, Δt: 13.955 seconds (u, v, w): 1.81e-01 4.37e-01 5.31e-02 T: 1.52e+01 2.03e+01 
[ Info: Time: 1.499 days, iteration: 10500, Δt: 13.955 seconds (u, v, w): 2.42e-01 4.98e-01 5.30e-02 T: 1.52e+01 2.02e+01 
[ Info: Time: 1.514 days, iteration: 10600, Δt: 13.473 seconds (u, v, w): 1.53e-01 4.45e-01 4.51e-02 T: 1.52e+01 2.03e+01 
[ Info: Time: 1.514 days, iteration: 10600, Δt: 13.473 seconds (u, v, w): 2.19e-01 4.83e-01 4.47e-02 T: 1.52e+01 2.02e+01 
[ Info: Time: 1.514 days, iteration: 10600, Δt: 13.473 seconds (u, v, w): 1.67e-01 4.39e-01 5.25e-02 T: 1.52e+01 2.03e+01 
[ Info: Time: 1.514 days, iteration: 10600, Δt: 13.473 seconds (u, v, w): 2.42e-01 4.93e-01 4.74e-02 T: 1.52e+01 2.02e+01 
